<?xml version="1.0" encoding="UTF-8"?>
<!-- Generated by org.testng.reporters.JUnitReportReporter -->
<testsuite hostname="DESKTOP-G7UNPK1" failures="0" tests="1" name="tests.TestCase" time="1.116" errors="0" timestamp="2021-02-03T20:20:30 MSK" skipped="0">
  <testcase classname="tests.TestCase" name="test" time="1.116"/>
  <system-out/>
</testsuite> <!-- tests.TestCase -->
